           _                 _    
  __ _  __| |_ __ __ _ _ __ | |_  
 / _` |/ _` | '__/ _` | '_ \| __| 
| (_| | (_| | | | (_| | | | | |_  
 \__, |\__,_|_|  \__,_|_| |_|\__| 
    |_|                           

Version: 1.11.4, build: d8b6e4a0
Access web UI at http://localhost:6333/dashboard

2024-09-23T21:13:23.014255Z  INFO storage::content_manager::consensus::persistent: Loading raft state from ./storage/raft_state.json    
2024-09-23T21:13:23.037468Z DEBUG storage::content_manager::consensus::persistent: State: Persistent { state: RaftState { hard_state: HardState { term: 0, vote: 0, commit: 0 }, conf_state: ConfState { voters: [8258652576510324], learners: [], voters_outgoing: [], learners_next: [], auto_leave: false } }, latest_snapshot_meta: SnapshotMetadataSer { term: 0, index: 0 }, apply_progress_queue: EntryApplyProgressQueue(None), peer_address_by_id: RwLock { data: {} }, peer_metadata_by_id: RwLock { data: {} }, cluster_metadata: {}, this_peer_id: 8258652576510324, path: "./storage/raft_state.json", dirty: false }    
2024-09-23T21:13:23.158081Z  INFO storage::content_manager::toc: Loading collection: default    
2024-09-23T21:13:23.640418Z  INFO collection::shards::local_shard: Recovering collection default: 0/1 (0%)    
2024-09-23T21:13:23.984573Z  INFO collection::shards::local_shard: Recovered collection default: 1/1 (100%)    
2024-09-23T21:13:24.037656Z DEBUG qdrant: Loaded collection: default    
2024-09-23T21:13:24.037770Z  INFO qdrant: Distributed mode disabled    
2024-09-23T21:13:24.040919Z  INFO qdrant: Telemetry reporting disabled    
2024-09-23T21:13:24.047980Z DEBUG qdrant: Waiting for thread web to finish    
2024-09-23T21:13:24.064968Z  WARN qdrant::actix::web_ui: Static content folder for Web UI './static' does not exist    
2024-09-23T21:13:24.075476Z  INFO qdrant::actix: TLS disabled for REST API    
2024-09-23T21:13:24.081654Z  INFO qdrant::actix: Qdrant HTTP listening on 6333    
2024-09-23T21:13:24.083397Z  INFO actix_server::builder: Starting 7 workers
2024-09-23T21:13:24.084703Z  INFO actix_server::server: Actix runtime found; starting in Actix runtime
2024-09-23T21:13:24.133472Z  INFO qdrant::tonic: Qdrant gRPC listening on 6334    
2024-09-23T21:13:24.134340Z  INFO qdrant::tonic: TLS disabled for gRPC API    
2024-09-23T21:13:32.457688Z  INFO storage::content_manager::toc::collection_meta_ops: Deleting collection default    
2024-09-23T21:13:32.467291Z DEBUG collection::update_handler: Stopping flush worker.    
2024-09-23T21:13:32.482897Z  INFO actix_web::middleware::logger: 127.0.0.1 "DELETE /collections/default HTTP/1.1" 200 48 "-" "curl/7.81.0" 0.053332    
2024-09-23T21:13:41.908182Z DEBUG storage::content_manager::snapshots::recover: Downloading snapshot from file:///home/yash/gaianet/qdrant/snapshots/default/default.snapshot to /home/yash/gaianet/qdrant/./snapshots/tmp/download-XiSPpG    
2024-09-23T21:13:41.908277Z DEBUG storage::content_manager::snapshots::recover: Snapshot downloaded to /home/yash/gaianet/qdrant/snapshots/default/default.snapshot    
2024-09-23T21:13:41.908684Z DEBUG storage::content_manager::snapshots::recover: Recovering collection default from snapshot /home/yash/gaianet/qdrant/snapshots/default/default.snapshot    
2024-09-23T21:13:41.908691Z DEBUG storage::content_manager::snapshots::recover: Unpacking snapshot to /home/yash/gaianet/qdrant/./storage/tmp/col-default-recovery-J1jlwT    
2024-09-23T21:13:43.096540Z DEBUG storage::content_manager::snapshots::recover: Collection default does not exist, creating it    
2024-09-23T21:13:43.097664Z  INFO storage::content_manager::toc::collection_meta_ops: Creating collection default    
2024-09-23T21:13:43.325866Z DEBUG collection::collection: Changing shard default:0 replica state from Some(Initializing) to Active    
2024-09-23T21:13:43.325899Z DEBUG collection::shards::replica_set: Changing local shard default:0 state from Some(Initializing) to Active    
2024-09-23T21:13:43.331240Z DEBUG storage::content_manager::snapshots::recover: Recovering shard 0 from /home/yash/gaianet/qdrant/./storage/tmp/col-default-recovery-J1jlwT/0    
2024-09-23T21:13:43.332019Z DEBUG collection::update_handler: Stopping flush worker.    
2024-09-23T21:13:43.516401Z  INFO collection::shards::local_shard: Recovering collection default: 0/1 (0%)    
2024-09-23T21:13:43.530091Z  INFO collection::shards::local_shard: Recovered collection default: 1/1 (100%)    
2024-09-23T21:13:43.534944Z DEBUG storage::content_manager::snapshots::recover: Activating shard 0 of collection default locally    
2024-09-23T21:13:43.535007Z DEBUG collection::collection: Changing shard default:0 replica state from Some(Active) to Active    
2024-09-23T21:13:43.535014Z DEBUG collection::shards::replica_set: Changing local shard default:0 state from Some(Active) to Active    
2024-09-23T21:13:43.539538Z  INFO actix_web::middleware::logger: 127.0.0.1 "POST /collections/default/snapshots/upload?priority=snapshot HTTP/1.1" 200 48 "-" "curl/7.81.0" 2.926982    
2024-09-23T21:13:48.590879Z DEBUG qdrant::tonic: Stopping gRPC service on SIGTERM    
2024-09-23T21:13:48.592136Z  INFO actix_server::server: SIGTERM received; starting graceful shutdown
2024-09-23T21:13:48.592337Z  INFO actix_server::worker: Shutting down idle worker
2024-09-23T21:13:48.592337Z  INFO actix_server::worker: Shutting down idle worker
2024-09-23T21:13:48.592580Z  INFO actix_server::worker: Shutting down idle worker
2024-09-23T21:13:48.592570Z  INFO actix_server::worker: Shutting down idle worker
2024-09-23T21:13:48.592390Z  INFO actix_server::worker: Shutting down idle worker
2024-09-23T21:13:48.593198Z  INFO actix_server::worker: Shutting down idle worker
2024-09-23T21:13:48.592306Z DEBUG actix_server::accept: Paused accepting connections on 127.0.0.1:6333
2024-09-23T21:13:48.594879Z  INFO actix_server::accept: Accept thread stopped
2024-09-23T21:13:48.604780Z  INFO actix_server::worker: Shutting down idle worker
2024-09-23T21:13:48.908696Z DEBUG qdrant: Waiting for thread grpc to finish    
2024-09-23T21:13:48.909744Z DEBUG collection::update_handler: Stopping flush worker.    
